2026-07-23T02:55:27Z ERR Configuration file /dev/null was empty
2026-07-23T02:55:27Z INF Thank you for trying Cloudflare Tunnel. Doing so, without a Cloudflare account, is a quick way to experiment and try it out. However, be aware that these account-less Tunnels have no uptime guarantee, are subject to the Cloudflare Online Services Terms of Use (https://www.cloudflare.com/website-terms/), and Cloudflare reserves the right to investigate your use of Tunnels for violations of such terms. If you intend to use Tunnels in production you should use a pre-created named tunnel by following: https://developers.cloudflare.com/cloudflare-one/connections/connect-apps
2026-07-23T02:55:27Z INF Requesting new quick Tunnel on trycloudflare.com...
2026-07-23T02:55:30Z INF +--------------------------------------------------------------------------------------------+
2026-07-23T02:55:30Z INF |  Your quick Tunnel has been created! Visit it at (it may take some time to be reachable):  |
2026-07-23T02:55:30Z INF |  https://drum-foo-athletic-mill.trycloudflare.com                                          |
2026-07-23T02:55:30Z INF +--------------------------------------------------------------------------------------------+
2026-07-23T02:55:30Z INF Cannot determine default configuration path. No file [config.yml config.yaml] in [~/.cloudflared ~/.cloudflare-warp ~/cloudflare-warp /etc/cloudflared /usr/local/etc/cloudflared]
2026-07-23T02:55:30Z INF Version 2026.6.1 (Checksum 9bf2a84e9a70e9c09c76f63dd5bdccb08e2ee7643c12445ab91d3b6a8047deef)
2026-07-23T02:55:30Z INF GOOS: darwin, GOVersion: go1.26.4, GoArch: arm64
2026-07-23T02:55:30Z INF Settings: map[config:/dev/null ha-connections:1 protocol:quic url:http://127.0.0.1:8799]
2026-07-23T02:55:30Z INF cloudflared will not automatically update if installed by a package manager.
2026-07-23T02:55:30Z INF Generated Connector ID: 81c2ec49-7cf7-491d-a2f5-497052abc57c
2026-07-23T02:55:31Z INF Initial protocol quic
2026-07-23T02:55:31Z INF ICMP proxy will use 192.168.1.75 as source for IPv4
2026-07-23T02:55:31Z INF ICMP proxy will use fe80::4b7:b51a:5966:f5b1 in zone en0 as source for IPv6
2026-07-23T02:55:31Z INF Created ICMP proxy listening on 192.168.1.75:0
2026-07-23T02:55:31Z INF ICMP proxy will use 192.168.1.75 as source for IPv4
2026-07-23T02:55:31Z INF ICMP proxy will use fe80::4b7:b51a:5966:f5b1 in zone en0 as source for IPv6
2026-07-23T02:55:31Z INF Starting metrics server on 127.0.0.1:20244/metrics
2026-07-23T02:55:31Z INF Tunnel connection curve preferences: [X25519MLKEM768 CurveID(65074) CurveP256] connIndex=0 event=0 ip=198.41.192.227
2026-07-23T02:55:31Z INF Registered tunnel connection connIndex=0 connection=3f07d1de-5e14-4a9d-9ef6-e12b2c18b022 event=0 ip=198.41.192.227 location=lax11 protocol=quic
2026-07-23T02:55:41Z INF +----------------------------------------------------------------------------------------------------+
2026-07-23T02:55:41Z INF |                                      CONNECTIVITY PRE-CHECKS                                       |
2026-07-23T02:55:41Z INF +----------------------------------------------------------------------------------------------------+
2026-07-23T02:55:41Z INF |  COMPONENT         TARGET                     STATUS  DETAILS                                      |
2026-07-23T02:55:41Z INF |  DNS Resolution    region1.v2.argotunnel.com  PASS    DNS Resolved successfully                    |
2026-07-23T02:55:41Z INF |  DNS Resolution    region2.v2.argotunnel.com  PASS    DNS Resolved successfully                    |
2026-07-23T02:55:41Z INF |  UDP Connectivity  region1.v2.argotunnel.com  PASS    QUIC connection successful                   |
2026-07-23T02:55:41Z INF |  UDP Connectivity  region2.v2.argotunnel.com  FAIL    QUIC connection failed                       |
2026-07-23T02:55:41Z INF |  TCP Connectivity  region1.v2.argotunnel.com  PASS    HTTP/2 connection successful                 |
2026-07-23T02:55:41Z INF |  TCP Connectivity  region2.v2.argotunnel.com  FAIL    HTTP/2 connection is blocked or unreachable  |
2026-07-23T02:55:41Z INF |  Cloudflare API    api.cloudflare.com:443     PASS    API is reachable                             |
2026-07-23T02:55:41Z INF |  ERROR: Allow outbound QUIC traffic on port 7844 or use HTTP2.                                     |
2026-07-23T02:55:41Z INF |  ERROR: Allow outbound TCP on port 7844.                                                           |
2026-07-23T02:55:41Z INF |                                                                                                    |
2026-07-23T02:55:41Z INF |  SUMMARY: Environment has critical failures. cloudflared may not be able to establish a tunnel.    |
2026-07-23T02:55:41Z INF +----------------------------------------------------------------------------------------------------+
2026-07-23T02:55:41Z INF precheck component="DNS Resolution" details="DNS Resolved successfully" run_id=473d21c9-9920-4783-b634-2873a9fedd72 status=pass target=region1.v2.argotunnel.com
2026-07-23T02:55:41Z INF precheck component="DNS Resolution" details="DNS Resolved successfully" run_id=473d21c9-9920-4783-b634-2873a9fedd72 status=pass target=region2.v2.argotunnel.com
2026-07-23T02:55:41Z INF precheck component="UDP Connectivity" details="QUIC connection successful" run_id=473d21c9-9920-4783-b634-2873a9fedd72 status=pass target=region1.v2.argotunnel.com
2026-07-23T02:55:41Z INF precheck component="UDP Connectivity" details="QUIC connection failed" run_id=473d21c9-9920-4783-b634-2873a9fedd72 status=fail target=region2.v2.argotunnel.com
2026-07-23T02:55:41Z INF precheck component="TCP Connectivity" details="HTTP/2 connection successful" run_id=473d21c9-9920-4783-b634-2873a9fedd72 status=pass target=region1.v2.argotunnel.com
2026-07-23T02:55:41Z INF precheck component="TCP Connectivity" details="HTTP/2 connection is blocked or unreachable" run_id=473d21c9-9920-4783-b634-2873a9fedd72 status=fail target=region2.v2.argotunnel.com
2026-07-23T02:55:41Z INF precheck component="Cloudflare API" details="API is reachable" run_id=473d21c9-9920-4783-b634-2873a9fedd72 status=pass target=api.cloudflare.com:443
2026-07-23T02:55:41Z INF precheck complete hard_fail=true run_id=473d21c9-9920-4783-b634-2873a9fedd72
