ARBITER BIOLOGY FIELD · http://127.0.0.1:8799 · 9,298 objects · embed http://127.0.0.1:8000/v1/embed
19:44:23 "GET /field/v1/health HTTP/1.1" 200 -
19:44:23 "GET /field/v1/manifest HTTP/1.1" 200 -
19:44:24 "GET / HTTP/1.1" 200 -
19:44:24 "GET /field/v1/manifest HTTP/1.1" 200 -
19:44:25 "GET /favicon.ico HTTP/1.1" 404 -
19:44:54 "GET /field/v1/manifest HTTP/1.1" 200 -
19:45:27 "GET /field/v1/manifest HTTP/1.1" 200 -
19:45:54 "GET /field/v1/manifest HTTP/1.1" 200 -
19:46:25 "GET /field/v1/manifest HTTP/1.1" 200 -
19:46:55 "GET /field/v1/manifest HTTP/1.1" 200 -
19:47:25 "GET /field/v1/manifest HTTP/1.1" 200 -
19:47:55 "GET /field/v1/manifest HTTP/1.1" 200 -
19:48:25 "GET /field/v1/manifest HTTP/1.1" 200 -
19:48:55 "GET /field/v1/manifest HTTP/1.1" 200 -
19:49:25 "GET /field/v1/manifest HTTP/1.1" 200 -
19:49:55 "GET /field/v1/manifest HTTP/1.1" 200 -
19:50:25 "GET /field/v1/manifest HTTP/1.1" 200 -
19:50:55 "GET /field/v1/manifest HTTP/1.1" 200 -
19:51:25 "GET /field/v1/manifest HTTP/1.1" 200 -
19:51:55 "GET /field/v1/manifest HTTP/1.1" 200 -
19:52:25 "GET /field/v1/manifest HTTP/1.1" 200 -
19:52:55 "GET /field/v1/manifest HTTP/1.1" 200 -
19:53:25 "GET /field/v1/manifest HTTP/1.1" 200 -
19:53:55 "GET /field/v1/manifest HTTP/1.1" 200 -
19:54:25 "GET /field/v1/manifest HTTP/1.1" 200 -
19:54:55 "GET /field/v1/manifest HTTP/1.1" 200 -
19:55:25 "GET /field/v1/manifest HTTP/1.1" 200 -
